{"/home/yuki/.local/src/github.com/acomagu/mcp-server-vscode/packages/relay/src/index.ts": {"path":"/home/yuki/.local/src/github.com/acomagu/mcp-server-vscode/packages/relay/src/index.ts","statementMap":{"0":{"start":{"line":3,"column":0},"end":{"line":3,"column":29}},"1":{"start":{"line":4,"column":0},"end":{"line":4,"column":31}},"2":{"start":{"line":5,"column":0},"end":{"line":5,"column":37}},"3":{"start":{"line":6,"column":0},"end":{"line":6,"column":26}},"4":{"start":{"line":9,"column":20},"end":{"line":9,"column":21}},"5":{"start":{"line":10,"column":23},"end":{"line":10,"column":27}},"6":{"start":{"line":11,"column":21},"end":{"line":11,"column":26}},"7":{"start":{"line":12,"column":24},"end":{"line":12,"column":26}},"8":{"start":{"line":15,"column":0},"end":{"line":15,"column":null}},"9":{"start":{"line":16,"column":2},"end":{"line":16,"column":null}},"10":{"start":{"line":17,"column":2},"end":{"line":17,"column":null}},"11":{"start":{"line":18,"column":2},"end":{"line":18,"column":null}},"12":{"start":{"line":51,"column":18},"end":{"line":67,"column":1}},"13":{"start":{"line":52,"column":15},"end":{"line":52,"column":36}},"14":{"start":{"line":53,"column":18},"end":{"line":53,"column":41}},"15":{"start":{"line":54,"column":19},"end":{"line":54,"column":23}},"16":{"start":{"line":56,"column":2},"end":{"line":64,"column":3}},"17":{"start":{"line":56,"column":15},"end":{"line":56,"column":16}},"18":{"start":{"line":57,"column":4},"end":{"line":63,"column":5}},"19":{"start":{"line":58,"column":6},"end":{"line":58,"column":30}},"20":{"start":{"line":59,"column":6},"end":{"line":59,"column":10}},"21":{"start":{"line":60,"column":11},"end":{"line":63,"column":5}},"22":{"start":{"line":61,"column":6},"end":{"line":61,"column":45}},"23":{"start":{"line":62,"column":6},"end":{"line":62,"column":10}},"24":{"start":{"line":66,"column":2},"end":{"line":66,"column":35}},"25":{"start":{"line":70,"column":25},"end":{"line":113,"column":1}},"26":{"start":{"line":71,"column":2},"end":{"line":112,"column":4}},"27":{"start":{"line":73,"column":6},"end":{"line":110,"column":9}},"28":{"start":{"line":74,"column":23},"end":{"line":74,"column":35}},"29":{"start":{"line":75,"column":25},"end":{"line":75,"column":68}},"30":{"start":{"line":77,"column":20},"end":{"line":94,"column":10}},"31":{"start":{"line":81,"column":29},"end":{"line":81,"column":31}},"32":{"start":{"line":83,"column":10},"end":{"line":85,"column":13}},"33":{"start":{"line":84,"column":12},"end":{"line":84,"column":45}},"34":{"start":{"line":87,"column":10},"end":{"line":93,"column":13}},"35":{"start":{"line":88,"column":12},"end":{"line":92,"column":15}},"36":{"start":{"line":96,"column":8},"end":{"line":98,"column":11}},"37":{"start":{"line":97,"column":10},"end":{"line":97,"column":22}},"38":{"start":{"line":100,"column":8},"end":{"line":103,"column":11}},"39":{"start":{"line":101,"column":10},"end":{"line":101,"column":24}},"40":{"start":{"line":102,"column":10},"end":{"line":102,"column":49}},"41":{"start":{"line":105,"column":8},"end":{"line":107,"column":9}},"42":{"start":{"line":106,"column":10},"end":{"line":106,"column":26}},"43":{"start":{"line":109,"column":8},"end":{"line":109,"column":18}},"44":{"start":{"line":116,"column":22},"end":{"line":156,"column":1}},"45":{"start":{"line":122,"column":32},"end":{"line":122,"column":36}},"46":{"start":{"line":124,"column":2},"end":{"line":153,"column":3}},"47":{"start":{"line":124,"column":21},"end":{"line":124,"column":22}},"48":{"start":{"line":125,"column":4},"end":{"line":128,"column":5}},"49":{"start":{"line":126,"column":6},"end":{"line":126,"column":67}},"50":{"start":{"line":127,"column":6},"end":{"line":127,"column":72}},"51":{"start":{"line":127,"column":35},"end":{"line":127,"column":70}},"52":{"start":{"line":130,"column":4},"end":{"line":152,"column":5}},"53":{"start":{"line":131,"column":23},"end":{"line":136,"column":14}},"54":{"start":{"line":140,"column":6},"end":{"line":144,"column":7}},"55":{"start":{"line":142,"column":8},"end":{"line":142,"column":101}},"56":{"start":{"line":143,"column":8},"end":{"line":143,"column":17}},"57":{"start":{"line":146,"column":6},"end":{"line":148,"column":7}},"58":{"start":{"line":147,"column":8},"end":{"line":147,"column":61}},"59":{"start":{"line":149,"column":6},"end":{"line":149,"column":22}},"60":{"start":{"line":151,"column":6},"end":{"line":151,"column":31}},"61":{"start":{"line":155,"column":2},"end":{"line":155,"column":70}},"62":{"start":{"line":159,"column":26},"end":{"line":180,"column":1}},"63":{"start":{"line":160,"column":2},"end":{"line":178,"column":3}},"64":{"start":{"line":160,"column":18},"end":{"line":160,"column":27}},"65":{"start":{"line":161,"column":4},"end":{"line":177,"column":5}},"66":{"start":{"line":162,"column":21},"end":{"line":162,"column":40}},"67":{"start":{"line":163,"column":6},"end":{"line":167,"column":9}},"68":{"start":{"line":164,"column":8},"end":{"line":164,"column":37}},"69":{"start":{"line":165,"column":8},"end":{"line":165,"column":50}},"70":{"start":{"line":165,"column":39},"end":{"line":165,"column":48}},"71":{"start":{"line":166,"column":8},"end":{"line":166,"column":28}},"72":{"start":{"line":168,"column":6},"end":{"line":168,"column":21}},"73":{"start":{"line":169,"column":6},"end":{"line":169,"column":18}},"74":{"start":{"line":171,"column":20},"end":{"line":171,"column":48}},"75":{"start":{"line":172,"column":6},"end":{"line":175,"column":7}},"76":{"start":{"line":173,"column":8},"end":{"line":173,"column":74}},"77":{"start":{"line":174,"column":8},"end":{"line":174,"column":17}},"78":{"start":{"line":176,"column":6},"end":{"line":176,"column":16}},"79":{"start":{"line":179,"column":2},"end":{"line":179,"column":70}},"80":{"start":{"line":183,"column":23},"end":{"line":207,"column":1}},"81":{"start":{"line":184,"column":28},"end":{"line":184,"column":30}},"82":{"start":{"line":185,"column":17},"end":{"line":185,"column":39}},"83":{"start":{"line":187,"column":2},"end":{"line":187,"column":102}},"84":{"start":{"line":189,"column":2},"end":{"line":204,"column":3}},"85":{"start":{"line":189,"column":18},"end":{"line":189,"column":26}},"86":{"start":{"line":190,"column":16},"end":{"line":190,"column":42}},"87":{"start":{"line":191,"column":4},"end":{"line":203,"column":5}},"88":{"start":{"line":192,"column":23},"end":{"line":195,"column":8}},"89":{"start":{"line":197,"column":6},"end":{"line":200,"column":7}},"90":{"start":{"line":198,"column":8},"end":{"line":198,"column":52}},"91":{"start":{"line":199,"column":8},"end":{"line":199,"column":26}},"92":{"start":{"line":206,"column":2},"end":{"line":206,"column":17}},"93":{"start":{"line":210,"column":21},"end":{"line":279,"column":1}},"94":{"start":{"line":211,"column":24},"end":{"line":211,"column":37}},"95":{"start":{"line":213,"column":13},"end":{"line":216,"column":4}},"96":{"start":{"line":218,"column":2},"end":{"line":274,"column":5}},"97":{"start":{"line":219,"column":4},"end":{"line":273,"column":5}},"98":{"start":{"line":221,"column":6},"end":{"line":223,"column":7}},"99":{"start":{"line":222,"column":8},"end":{"line":222,"column":15}},"100":{"start":{"line":226,"column":6},"end":{"line":256,"column":7}},"101":{"start":{"line":227,"column":8},"end":{"line":255,"column":9}},"102":{"start":{"line":228,"column":26},"end":{"line":228,"column":58}},"103":{"start":{"line":230,"column":10},"end":{"line":250,"column":11}},"104":{"start":{"line":231,"column":12},"end":{"line":231,"column":89}},"105":{"start":{"line":235,"column":35},"end":{"line":242,"column":14}},"106":{"start":{"line":244,"column":12},"end":{"line":249,"column":13}},"107":{"start":{"line":245,"column":14},"end":{"line":245,"column":84}},"108":{"start":{"line":246,"column":14},"end":{"line":246,"column":57}},"109":{"start":{"line":248,"column":14},"end":{"line":248,"column":74}},"110":{"start":{"line":252,"column":10},"end":{"line":252,"column":17}},"111":{"start":{"line":254,"column":10},"end":{"line":254,"column":76}},"112":{"start":{"line":259,"column":6},"end":{"line":259,"column":57}},"113":{"start":{"line":262,"column":6},"end":{"line":262,"column":40}},"114":{"start":{"line":264,"column":6},"end":{"line":264,"column":74}},"115":{"start":{"line":267,"column":6},"end":{"line":272,"column":7}},"116":{"start":{"line":268,"column":29},"end":{"line":268,"column":64}},"117":{"start":{"line":269,"column":26},"end":{"line":269,"column":64}},"118":{"start":{"line":270,"column":8},"end":{"line":270,"column":48}},"119":{"start":{"line":271,"column":8},"end":{"line":271,"column":72}},"120":{"start":{"line":276,"column":2},"end":{"line":278,"column":5}},"121":{"start":{"line":277,"column":4},"end":{"line":277,"column":20}},"122":{"start":{"line":282,"column":13},"end":{"line":378,"column":1}},"123":{"start":{"line":283,"column":2},"end":{"line":377,"column":3}},"124":{"start":{"line":285,"column":4},"end":{"line":285,"column":32}},"125":{"start":{"line":287,"column":38},"end":{"line":287,"column":49}},"126":{"start":{"line":290,"column":25},"end":{"line":290,"column":43}},"127":{"start":{"line":291,"column":21},"end":{"line":291,"column":52}},"128":{"start":{"line":294,"column":23},"end":{"line":294,"column":53}},"129":{"start":{"line":296,"column":4},"end":{"line":298,"column":5}},"130":{"start":{"line":297,"column":6},"end":{"line":297,"column":105}},"131":{"start":{"line":300,"column":4},"end":{"line":300,"column":96}},"132":{"start":{"line":303,"column":17},"end":{"line":303,"column":52}},"133":{"start":{"line":304,"column":4},"end":{"line":304,"column":57}},"134":{"start":{"line":307,"column":19},"end":{"line":307,"column":37}},"135":{"start":{"line":310,"column":19},"end":{"line":352,"column":6}},"136":{"start":{"line":311,"column":6},"end":{"line":315,"column":7}},"137":{"start":{"line":312,"column":8},"end":{"line":312,"column":29}},"138":{"start":{"line":313,"column":8},"end":{"line":313,"column":47}},"139":{"start":{"line":314,"column":8},"end":{"line":314,"column":15}},"140":{"start":{"line":317,"column":17},"end":{"line":317,"column":19}},"141":{"start":{"line":318,"column":6},"end":{"line":320,"column":9}},"142":{"start":{"line":319,"column":8},"end":{"line":319,"column":33}},"143":{"start":{"line":322,"column":6},"end":{"line":351,"column":9}},"144":{"start":{"line":323,"column":8},"end":{"line":350,"column":9}},"145":{"start":{"line":325,"column":23},"end":{"line":325,"column":39}},"146":{"start":{"line":327,"column":10},"end":{"line":339,"column":11}},"147":{"start":{"line":328,"column":12},"end":{"line":334,"column":13}},"148":{"start":{"line":329,"column":14},"end":{"line":329,"column":69}},"149":{"start":{"line":331,"column":19},"end":{"line":334,"column":13}},"150":{"start":{"line":332,"column":14},"end":{"line":332,"column":73}},"151":{"start":{"line":336,"column":12},"end":{"line":336,"column":33}},"152":{"start":{"line":337,"column":12},"end":{"line":337,"column":26}},"153":{"start":{"line":338,"column":12},"end":{"line":338,"column":19}},"154":{"start":{"line":342,"column":10},"end":{"line":342,"column":44}},"155":{"start":{"line":344,"column":10},"end":{"line":344,"column":31}},"156":{"start":{"line":345,"column":10},"end":{"line":345,"column":24}},"157":{"start":{"line":347,"column":10},"end":{"line":347,"column":58}},"158":{"start":{"line":348,"column":10},"end":{"line":348,"column":31}},"159":{"start":{"line":349,"column":10},"end":{"line":349,"column":52}},"160":{"start":{"line":354,"column":4},"end":{"line":354,"column":24}},"161":{"start":{"line":357,"column":4},"end":{"line":369,"column":5}},"162":{"start":{"line":358,"column":26},"end":{"line":358,"column":49}},"163":{"start":{"line":359,"column":30},"end":{"line":362,"column":8}},"164":{"start":{"line":364,"column":6},"end":{"line":368,"column":7}},"165":{"start":{"line":365,"column":8},"end":{"line":365,"column":72}},"166":{"start":{"line":367,"column":8},"end":{"line":367,"column":96}},"167":{"start":{"line":372,"column":4},"end":{"line":372,"column":43}},"168":{"start":{"line":375,"column":4},"end":{"line":375,"column":54}},"169":{"start":{"line":376,"column":4},"end":{"line":376,"column":20}},"170":{"start":{"line":381,"column":0},"end":{"line":381,"column":7}}},"fnMap":{"0":{"name":"(anonymous_9)","decl":{"start":{"line":15,"column":0},"end":{"line":15,"column":5}},"loc":{"start":{"line":15,"column":16},"end":{"line":19,"column":1}}},"1":{"name":"(anonymous_10)","decl":{"start":{"line":51,"column":18},"end":{"line":51,"column":27}},"loc":{"start":{"line":51,"column":29},"end":{"line":67,"column":1}}},"2":{"name":"(anonymous_11)","decl":{"start":{"line":70,"column":25},"end":{"line":70,"column":26}},"loc":{"start":{"line":70,"column":72},"end":{"line":113,"column":1}}},"3":{"name":"(anonymous_12)","decl":{"start":{"line":72,"column":13},"end":{"line":72,"column":14}},"loc":{"start":{"line":72,"column":97},"end":{"line":111,"column":5}}},"4":{"name":"(anonymous_13)","decl":{"start":{"line":73,"column":25},"end":{"line":73,"column":26}},"loc":{"start":{"line":73,"column":45},"end":{"line":110,"column":7}}},"5":{"name":"(anonymous_14)","decl":{"start":{"line":80,"column":11},"end":{"line":80,"column":12}},"loc":{"start":{"line":80,"column":19},"end":{"line":94,"column":9}}},"6":{"name":"(anonymous_15)","decl":{"start":{"line":83,"column":25},"end":{"line":83,"column":26}},"loc":{"start":{"line":83,"column":35},"end":{"line":85,"column":11}}},"7":{"name":"(anonymous_16)","decl":{"start":{"line":87,"column":24},"end":{"line":87,"column":27}},"loc":{"start":{"line":87,"column":29},"end":{"line":93,"column":11}}},"8":{"name":"(anonymous_17)","decl":{"start":{"line":96,"column":24},"end":{"line":96,"column":25}},"loc":{"start":{"line":96,"column":32},"end":{"line":98,"column":9}}},"9":{"name":"(anonymous_18)","decl":{"start":{"line":100,"column":26},"end":{"line":100,"column":29}},"loc":{"start":{"line":100,"column":31},"end":{"line":103,"column":9}}},"10":{"name":"(anonymous_19)","decl":{"start":{"line":116,"column":22},"end":{"line":116,"column":27}},"loc":{"start":{"line":121,"column":27},"end":{"line":156,"column":1}}},"11":{"name":"(anonymous_20)","decl":{"start":{"line":127,"column":24},"end":{"line":127,"column":31}},"loc":{"start":{"line":127,"column":35},"end":{"line":127,"column":70}}},"12":{"name":"(anonymous_21)","decl":{"start":{"line":159,"column":26},"end":{"line":159,"column":31}},"loc":{"start":{"line":159,"column":71},"end":{"line":180,"column":1}}},"13":{"name":"(anonymous_22)","decl":{"start":{"line":163,"column":30},"end":{"line":163,"column":31}},"loc":{"start":{"line":163,"column":50},"end":{"line":167,"column":7}}},"14":{"name":"(anonymous_23)","decl":{"start":{"line":165,"column":33},"end":{"line":165,"column":36}},"loc":{"start":{"line":165,"column":39},"end":{"line":165,"column":48}}},"15":{"name":"(anonymous_24)","decl":{"start":{"line":183,"column":23},"end":{"line":183,"column":28}},"loc":{"start":{"line":183,"column":69},"end":{"line":207,"column":1}}},"16":{"name":"(anonymous_25)","decl":{"start":{"line":210,"column":21},"end":{"line":210,"column":22}},"loc":{"start":{"line":210,"column":86},"end":{"line":279,"column":1}}},"17":{"name":"(anonymous_26)","decl":{"start":{"line":218,"column":16},"end":{"line":218,"column":21}},"loc":{"start":{"line":218,"column":39},"end":{"line":274,"column":3}}},"18":{"name":"(anonymous_27)","decl":{"start":{"line":276,"column":17},"end":{"line":276,"column":20}},"loc":{"start":{"line":276,"column":22},"end":{"line":278,"column":3}}},"19":{"name":"(anonymous_28)","decl":{"start":{"line":282,"column":13},"end":{"line":282,"column":18}},"loc":{"start":{"line":282,"column":39},"end":{"line":378,"column":1}}},"20":{"name":"(anonymous_29)","decl":{"start":{"line":310,"column":37},"end":{"line":310,"column":38}},"loc":{"start":{"line":310,"column":50},"end":{"line":352,"column":5}}},"21":{"name":"(anonymous_30)","decl":{"start":{"line":318,"column":21},"end":{"line":318,"column":22}},"loc":{"start":{"line":318,"column":31},"end":{"line":320,"column":7}}},"22":{"name":"(anonymous_31)","decl":{"start":{"line":322,"column":20},"end":{"line":322,"column":23}},"loc":{"start":{"line":322,"column":25},"end":{"line":351,"column":7}}}},"branchMap":{"0":{"loc":{"start":{"line":15,"column":5},"end":{"line":15,"column":null}},"type":"binary-expr","locations":[{"start":{"line":15,"column":5},"end":{"line":15,"column":16}},{"start":{"line":15,"column":5},"end":{"line":15,"column":null}}]},"1":{"loc":{"start":{"line":57,"column":4},"end":{"line":63,"column":5}},"type":"if","locations":[{"start":{"line":57,"column":4},"end":{"line":63,"column":5}},{"start":{"line":60,"column":11},"end":{"line":63,"column":5}}]},"2":{"loc":{"start":{"line":57,"column":8},"end":{"line":57,"column":57}},"type":"binary-expr","locations":[{"start":{"line":57,"column":8},"end":{"line":57,"column":34}},{"start":{"line":57,"column":38},"end":{"line":57,"column":57}}]},"3":{"loc":{"start":{"line":60,"column":11},"end":{"line":63,"column":5}},"type":"if","locations":[{"start":{"line":60,"column":11},"end":{"line":63,"column":5}}]},"4":{"loc":{"start":{"line":60,"column":15},"end":{"line":60,"column":65}},"type":"binary-expr","locations":[{"start":{"line":60,"column":15},"end":{"line":60,"column":42}},{"start":{"line":60,"column":46},"end":{"line":60,"column":65}}]},"5":{"loc":{"start":{"line":70,"column":26},"end":{"line":70,"column":56}},"type":"default-arg","locations":[{"start":{"line":70,"column":44},"end":{"line":70,"column":56}}]},"6":{"loc":{"start":{"line":75,"column":25},"end":{"line":75,"column":68}},"type":"cond-expr","locations":[{"start":{"line":75,"column":56},"end":{"line":75,"column":61}},{"start":{"line":75,"column":64},"end":{"line":75,"column":68}}]},"7":{"loc":{"start":{"line":89,"column":26},"end":{"line":89,"column":47}},"type":"binary-expr","locations":[{"start":{"line":89,"column":26},"end":{"line":89,"column":40}},{"start":{"line":89,"column":44},"end":{"line":89,"column":47}}]},"8":{"loc":{"start":{"line":105,"column":8},"end":{"line":107,"column":9}},"type":"if","locations":[{"start":{"line":105,"column":8},"end":{"line":107,"column":9}}]},"9":{"loc":{"start":{"line":120,"column":2},"end":{"line":120,"column":29}},"type":"default-arg","locations":[{"start":{"line":120,"column":24},"end":{"line":120,"column":29}}]},"10":{"loc":{"start":{"line":125,"column":4},"end":{"line":128,"column":5}},"type":"if","locations":[{"start":{"line":125,"column":4},"end":{"line":128,"column":5}}]},"11":{"loc":{"start":{"line":140,"column":6},"end":{"line":144,"column":7}},"type":"if","locations":[{"start":{"line":140,"column":6},"end":{"line":144,"column":7}}]},"12":{"loc":{"start":{"line":140,"column":10},"end":{"line":141,"column":51}},"type":"binary-expr","locations":[{"start":{"line":140,"column":11},"end":{"line":140,"column":21}},{"start":{"line":140,"column":25},"end":{"line":140,"column":51}},{"start":{"line":141,"column":9},"end":{"line":141,"column":20}},{"start":{"line":141,"column":24},"end":{"line":141,"column":50}}]},"13":{"loc":{"start":{"line":146,"column":6},"end":{"line":148,"column":7}},"type":"if","locations":[{"start":{"line":146,"column":6},"end":{"line":148,"column":7}}]},"14":{"loc":{"start":{"line":172,"column":6},"end":{"line":175,"column":7}},"type":"if","locations":[{"start":{"line":172,"column":6},"end":{"line":175,"column":7}}]},"15":{"loc":{"start":{"line":172,"column":10},"end":{"line":172,"column":64}},"type":"binary-expr","locations":[{"start":{"line":172,"column":10},"end":{"line":172,"column":37}},{"start":{"line":172,"column":41},"end":{"line":172,"column":64}}]},"16":{"loc":{"start":{"line":197,"column":6},"end":{"line":200,"column":7}},"type":"if","locations":[{"start":{"line":197,"column":6},"end":{"line":200,"column":7}}]},"17":{"loc":{"start":{"line":221,"column":6},"end":{"line":223,"column":7}},"type":"if","locations":[{"start":{"line":221,"column":6},"end":{"line":223,"column":7}}]},"18":{"loc":{"start":{"line":226,"column":6},"end":{"line":256,"column":7}},"type":"if","locations":[{"start":{"line":226,"column":6},"end":{"line":256,"column":7}}]},"19":{"loc":{"start":{"line":230,"column":10},"end":{"line":250,"column":11}},"type":"if","locations":[{"start":{"line":230,"column":10},"end":{"line":250,"column":11}}]},"20":{"loc":{"start":{"line":230,"column":14},"end":{"line":230,"column":80}},"type":"binary-expr","locations":[{"start":{"line":230,"column":14},"end":{"line":230,"column":28}},{"start":{"line":230,"column":32},"end":{"line":230,"column":80}}]},"21":{"loc":{"start":{"line":244,"column":12},"end":{"line":249,"column":13}},"type":"if","locations":[{"start":{"line":244,"column":12},"end":{"line":249,"column":13}}]},"22":{"loc":{"start":{"line":267,"column":6},"end":{"line":272,"column":7}},"type":"if","locations":[{"start":{"line":267,"column":6},"end":{"line":272,"column":7}}]},"23":{"loc":{"start":{"line":296,"column":4},"end":{"line":298,"column":5}},"type":"if","locations":[{"start":{"line":296,"column":4},"end":{"line":298,"column":5}}]},"24":{"loc":{"start":{"line":311,"column":6},"end":{"line":315,"column":7}},"type":"if","locations":[{"start":{"line":311,"column":6},"end":{"line":315,"column":7}}]},"25":{"loc":{"start":{"line":327,"column":10},"end":{"line":339,"column":11}},"type":"if","locations":[{"start":{"line":327,"column":10},"end":{"line":339,"column":11}}]},"26":{"loc":{"start":{"line":328,"column":12},"end":{"line":334,"column":13}},"type":"if","locations":[{"start":{"line":328,"column":12},"end":{"line":334,"column":13}},{"start":{"line":331,"column":19},"end":{"line":334,"column":13}}]},"27":{"loc":{"start":{"line":328,"column":16},"end":{"line":328,"column":72}},"type":"binary-expr","locations":[{"start":{"line":328,"column":16},"end":{"line":328,"column":27}},{"start":{"line":328,"column":31},"end":{"line":328,"column":72}}]},"28":{"loc":{"start":{"line":331,"column":19},"end":{"line":334,"column":13}},"type":"if","locations":[{"start":{"line":331,"column":19},"end":{"line":334,"column":13}}]},"29":{"loc":{"start":{"line":331,"column":23},"end":{"line":331,"column":83}},"type":"binary-expr","locations":[{"start":{"line":331,"column":23},"end":{"line":331,"column":34}},{"start":{"line":331,"column":38},"end":{"line":331,"column":83}}]}},"s":{"0":0,"1":0,"2":0,"3":0,"4":0,"5":0,"6":0,"7":0,"8":0,"9":0,"10":0,"11":0,"12":0,"13":0,"14":0,"15":0,"16":0,"17":0,"18":0,"19":0,"20":0,"21":0,"22":0,"23":0,"24":0,"25":0,"26":0,"27":0,"28":0,"29":0,"30":0,"31":0,"32":0,"33":0,"34":0,"35":0,"36":0,"37":0,"38":0,"39":0,"40":0,"41":0,"42":0,"43":0,"44":0,"45":0,"46":0,"47":0,"48":0,"49":0,"50":0,"51":0,"52":0,"53":0,"54":0,"55":0,"56":0,"57":0,"58":0,"59":0,"60":0,"61":0,"62":0,"63":0,"64":0,"65":0,"66":0,"67":0,"68":0,"69":0,"70":0,"71":0,"72":0,"73":0,"74":0,"75":0,"76":0,"77":0,"78":0,"79":0,"80":0,"81":0,"82":0,"83":0,"84":0,"85":0,"86":0,"87":0,"88":0,"89":0,"90":0,"91":0,"92":0,"93":0,"94":0,"95":0,"96":0,"97":0,"98":0,"99":0,"100":0,"101":0,"102":0,"103":0,"104":0,"105":0,"106":0,"107":0,"108":0,"109":0,"110":0,"111":0,"112":0,"113":0,"114":0,"115":0,"116":0,"117":0,"118":0,"119":0,"120":0,"121":0,"122":0,"123":0,"124":0,"125":0,"126":0,"127":0,"128":0,"129":0,"130":0,"131":0,"132":0,"133":0,"134":0,"135":0,"136":0,"137":0,"138":0,"139":0,"140":0,"141":0,"142":0,"143":0,"144":0,"145":0,"146":0,"147":0,"148":0,"149":0,"150":0,"151":0,"152":0,"153":0,"154":0,"155":0,"156":0,"157":0,"158":0,"159":0,"160":0,"161":0,"162":0,"163":0,"164":0,"165":0,"166":0,"167":0,"168":0,"169":0,"170":0},"f":{"0":0,"1":0,"2":0,"3":0,"4":0,"5":0,"6":0,"7":0,"8":0,"9":0,"10":0,"11":0,"12":0,"13":0,"14":0,"15":0,"16":0,"17":0,"18":0,"19":0,"20":0,"21":0,"22":0},"b":{"0":[0,0],"1":[0,0],"2":[0,0],"3":[0],"4":[0,0],"5":[0],"6":[0,0],"7":[0,0],"8":[0],"9":[0],"10":[0],"11":[0],"12":[0,0,0,0],"13":[0],"14":[0],"15":[0,0],"16":[0],"17":[0],"18":[0],"19":[0],"20":[0,0],"21":[0],"22":[0],"23":[0],"24":[0],"25":[0],"26":[0,0],"27":[0,0],"28":[0],"29":[0,0]}}
,"/home/yuki/.local/src/github.com/acomagu/mcp-server-vscode/packages/relay/src/integration-test.ts": {"path":"/home/yuki/.local/src/github.com/acomagu/mcp-server-vscode/packages/relay/src/integration-test.ts","statementMap":{"0":{"start":{"line":3,"column":0},"end":{"line":3,"column":52}},"1":{"start":{"line":4,"column":0},"end":{"line":4,"column":29}},"2":{"start":{"line":7,"column":14},"end":{"line":7,"column":92}},"3":{"start":{"line":7,"column":45},"end":{"line":7,"column":92}},"4":{"start":{"line":7,"column":68},"end":{"line":7,"column":91}},"5":{"start":{"line":10,"column":20},"end":{"line":62,"column":1}},"6":{"start":{"line":11,"column":2},"end":{"line":61,"column":5}},"7":{"start":{"line":12,"column":19},"end":{"line":12,"column":31}},"8":{"start":{"line":13,"column":20},"end":{"line":19,"column":6}},"9":{"start":{"line":21,"column":4},"end":{"line":27,"column":5}},"10":{"start":{"line":22,"column":19},"end":{"line":22,"column":39}},"11":{"start":{"line":23,"column":6},"end":{"line":26,"column":8}},"12":{"start":{"line":29,"column":16},"end":{"line":50,"column":6}},"13":{"start":{"line":30,"column":25},"end":{"line":30,"column":27}},"14":{"start":{"line":32,"column":6},"end":{"line":34,"column":9}},"15":{"start":{"line":33,"column":8},"end":{"line":33,"column":41}},"16":{"start":{"line":36,"column":6},"end":{"line":49,"column":9}},"17":{"start":{"line":37,"column":8},"end":{"line":48,"column":9}},"18":{"start":{"line":38,"column":29},"end":{"line":38,"column":73}},"19":{"start":{"line":39,"column":10},"end":{"line":42,"column":13}},"20":{"start":{"line":44,"column":10},"end":{"line":47,"column":13}},"21":{"start":{"line":52,"column":4},"end":{"line":54,"column":7}},"22":{"start":{"line":53,"column":6},"end":{"line":53,"column":18}},"23":{"start":{"line":56,"column":4},"end":{"line":58,"column":5}},"24":{"start":{"line":57,"column":6},"end":{"line":57,"column":38}},"25":{"start":{"line":60,"column":4},"end":{"line":60,"column":14}},"26":{"start":{"line":65,"column":19},"end":{"line":86,"column":1}},"27":{"start":{"line":66,"column":2},"end":{"line":66,"column":63}},"28":{"start":{"line":68,"column":23},"end":{"line":71,"column":4}},"29":{"start":{"line":73,"column":2},"end":{"line":75,"column":5}},"30":{"start":{"line":74,"column":4},"end":{"line":74,"column":66}},"31":{"start":{"line":77,"column":2},"end":{"line":79,"column":5}},"32":{"start":{"line":78,"column":4},"end":{"line":78,"column":68}},"33":{"start":{"line":81,"column":2},"end":{"line":83,"column":5}},"34":{"start":{"line":82,"column":4},"end":{"line":82,"column":65}},"35":{"start":{"line":85,"column":2},"end":{"line":85,"column":22}},"36":{"start":{"line":89,"column":17},"end":{"line":225,"column":1}},"37":{"start":{"line":90,"column":2},"end":{"line":90,"column":44}},"38":{"start":{"line":92,"column":36},"end":{"line":92,"column":38}},"39":{"start":{"line":93,"column":20},"end":{"line":93,"column":24}},"40":{"start":{"line":95,"column":2},"end":{"line":224,"column":3}},"41":{"start":{"line":97,"column":4},"end":{"line":97,"column":44}},"42":{"start":{"line":98,"column":30},"end":{"line":98,"column":75}},"43":{"start":{"line":99,"column":4},"end":{"line":99,"column":38}},"44":{"start":{"line":102,"column":4},"end":{"line":102,"column":22}},"45":{"start":{"line":105,"column":4},"end":{"line":210,"column":5}},"46":{"start":{"line":106,"column":28},"end":{"line":106,"column":75}},"47":{"start":{"line":107,"column":6},"end":{"line":107,"column":65}},"48":{"start":{"line":109,"column":28},"end":{"line":109,"column":75}},"49":{"start":{"line":110,"column":6},"end":{"line":110,"column":65}},"50":{"start":{"line":113,"column":6},"end":{"line":113,"column":43}},"51":{"start":{"line":114,"column":27},"end":{"line":114,"column":132}},"52":{"start":{"line":115,"column":6},"end":{"line":115,"column":35}},"53":{"start":{"line":118,"column":6},"end":{"line":118,"column":24}},"54":{"start":{"line":121,"column":6},"end":{"line":121,"column":57}},"55":{"start":{"line":122,"column":28},"end":{"line":129,"column":8}},"56":{"start":{"line":134,"column":6},"end":{"line":143,"column":7}},"57":{"start":{"line":134,"column":22},"end":{"line":134,"column":26}},"58":{"start":{"line":135,"column":8},"end":{"line":142,"column":9}},"59":{"start":{"line":136,"column":10},"end":{"line":136,"column":97}},"60":{"start":{"line":137,"column":10},"end":{"line":137,"column":53}},"61":{"start":{"line":138,"column":10},"end":{"line":138,"column":66}},"62":{"start":{"line":139,"column":10},"end":{"line":139,"column":16}},"63":{"start":{"line":145,"column":6},"end":{"line":147,"column":7}},"64":{"start":{"line":146,"column":8},"end":{"line":146,"column":79}},"65":{"start":{"line":150,"column":6},"end":{"line":150,"column":59}},"66":{"start":{"line":151,"column":29},"end":{"line":158,"column":8}},"67":{"start":{"line":160,"column":30},"end":{"line":160,"column":97}},"68":{"start":{"line":161,"column":6},"end":{"line":161,"column":65}},"69":{"start":{"line":164,"column":6},"end":{"line":164,"column":63}},"70":{"start":{"line":165,"column":33},"end":{"line":172,"column":8}},"71":{"start":{"line":174,"column":34},"end":{"line":174,"column":105}},"72":{"start":{"line":175,"column":6},"end":{"line":175,"column":73}},"73":{"start":{"line":178,"column":6},"end":{"line":178,"column":24}},"74":{"start":{"line":181,"column":6},"end":{"line":181,"column":58}},"75":{"start":{"line":182,"column":6},"end":{"line":182,"column":48}},"76":{"start":{"line":188,"column":6},"end":{"line":188,"column":24}},"77":{"start":{"line":191,"column":6},"end":{"line":191,"column":65}},"78":{"start":{"line":192,"column":30},"end":{"line":199,"column":8}},"79":{"start":{"line":201,"column":31},"end":{"line":201,"column":99}},"80":{"start":{"line":202,"column":6},"end":{"line":202,"column":66}},"81":{"start":{"line":204,"column":6},"end":{"line":204,"column":57}},"82":{"start":{"line":205,"column":6},"end":{"line":205,"column":25}},"83":{"start":{"line":208,"column":6},"end":{"line":208,"column":48}},"84":{"start":{"line":209,"column":6},"end":{"line":209,"column":26}},"85":{"start":{"line":213,"column":4},"end":{"line":213,"column":50}},"86":{"start":{"line":214,"column":4},"end":{"line":214,"column":24}},"87":{"start":{"line":217,"column":4},"end":{"line":217,"column":49}},"88":{"start":{"line":218,"column":4},"end":{"line":220,"column":5}},"89":{"start":{"line":219,"column":6},"end":{"line":219,"column":21}},"90":{"start":{"line":223,"column":4},"end":{"line":223,"column":38}},"91":{"start":{"line":228,"column":0},"end":{"line":231,"column":3}},"92":{"start":{"line":229,"column":2},"end":{"line":229,"column":55}},"93":{"start":{"line":230,"column":2},"end":{"line":230,"column":18}}},"fnMap":{"0":{"name":"(anonymous_9)","decl":{"start":{"line":7,"column":14},"end":{"line":7,"column":15}},"loc":{"start":{"line":7,"column":45},"end":{"line":7,"column":92}}},"1":{"name":"(anonymous_10)","decl":{"start":{"line":7,"column":57},"end":{"line":7,"column":64}},"loc":{"start":{"line":7,"column":68},"end":{"line":7,"column":91}}},"2":{"name":"(anonymous_11)","decl":{"start":{"line":10,"column":20},"end":{"line":10,"column":25}},"loc":{"start":{"line":10,"column":92},"end":{"line":62,"column":1}}},"3":{"name":"(anonymous_12)","decl":{"start":{"line":11,"column":21},"end":{"line":11,"column":22}},"loc":{"start":{"line":11,"column":41},"end":{"line":61,"column":3}}},"4":{"name":"(anonymous_13)","decl":{"start":{"line":29,"column":38},"end":{"line":29,"column":39}},"loc":{"start":{"line":29,"column":46},"end":{"line":50,"column":5}}},"5":{"name":"(anonymous_14)","decl":{"start":{"line":32,"column":21},"end":{"line":32,"column":22}},"loc":{"start":{"line":32,"column":31},"end":{"line":34,"column":7}}},"6":{"name":"(anonymous_15)","decl":{"start":{"line":36,"column":20},"end":{"line":36,"column":23}},"loc":{"start":{"line":36,"column":25},"end":{"line":49,"column":7}}},"7":{"name":"(anonymous_16)","decl":{"start":{"line":52,"column":20},"end":{"line":52,"column":21}},"loc":{"start":{"line":52,"column":28},"end":{"line":54,"column":5}}},"8":{"name":"(anonymous_17)","decl":{"start":{"line":65,"column":19},"end":{"line":65,"column":20}},"loc":{"start":{"line":65,"column":103},"end":{"line":86,"column":1}}},"9":{"name":"(anonymous_18)","decl":{"start":{"line":73,"column":33},"end":{"line":73,"column":34}},"loc":{"start":{"line":73,"column":42},"end":{"line":75,"column":3}}},"10":{"name":"(anonymous_19)","decl":{"start":{"line":77,"column":33},"end":{"line":77,"column":34}},"loc":{"start":{"line":77,"column":42},"end":{"line":79,"column":3}}},"11":{"name":"(anonymous_20)","decl":{"start":{"line":81,"column":27},"end":{"line":81,"column":28}},"loc":{"start":{"line":81,"column":36},"end":{"line":83,"column":3}}},"12":{"name":"(anonymous_21)","decl":{"start":{"line":89,"column":17},"end":{"line":89,"column":22}},"loc":{"start":{"line":89,"column":43},"end":{"line":225,"column":1}}},"13":{"name":"(anonymous_22)","decl":{"start":{"line":228,"column":17},"end":{"line":228,"column":20}},"loc":{"start":{"line":228,"column":23},"end":{"line":231,"column":1}}}},"branchMap":{"0":{"loc":{"start":{"line":10,"column":40},"end":{"line":10,"column":62}},"type":"default-arg","locations":[{"start":{"line":10,"column":57},"end":{"line":10,"column":62}}]},"1":{"loc":{"start":{"line":21,"column":4},"end":{"line":27,"column":5}},"type":"if","locations":[{"start":{"line":21,"column":4},"end":{"line":27,"column":5}}]},"2":{"loc":{"start":{"line":38,"column":29},"end":{"line":38,"column":73}},"type":"cond-expr","locations":[{"start":{"line":38,"column":44},"end":{"line":38,"column":68}},{"start":{"line":38,"column":71},"end":{"line":38,"column":73}}]},"3":{"loc":{"start":{"line":56,"column":4},"end":{"line":58,"column":5}},"type":"if","locations":[{"start":{"line":56,"column":4},"end":{"line":58,"column":5}}]},"4":{"loc":{"start":{"line":65,"column":37},"end":{"line":65,"column":56}},"type":"default-arg","locations":[{"start":{"line":65,"column":54},"end":{"line":65,"column":56}}]},"5":{"loc":{"start":{"line":65,"column":58},"end":{"line":65,"column":85}},"type":"default-arg","locations":[{"start":{"line":65,"column":83},"end":{"line":65,"column":85}}]},"6":{"loc":{"start":{"line":145,"column":6},"end":{"line":147,"column":7}},"type":"if","locations":[{"start":{"line":145,"column":6},"end":{"line":147,"column":7}}]},"7":{"loc":{"start":{"line":223,"column":17},"end":{"line":223,"column":36}},"type":"cond-expr","locations":[{"start":{"line":223,"column":31},"end":{"line":223,"column":32}},{"start":{"line":223,"column":35},"end":{"line":223,"column":36}}]}},"s":{"0":0,"1":0,"2":0,"3":0,"4":0,"5":0,"6":0,"7":0,"8":0,"9":0,"10":0,"11":0,"12":0,"13":0,"14":0,"15":0,"16":0,"17":0,"18":0,"19":0,"20":0,"21":0,"22":0,"23":0,"24":0,"25":0,"26":0,"27":0,"28":0,"29":0,"30":0,"31":0,"32":0,"33":0,"34":0,"35":0,"36":0,"37":0,"38":0,"39":0,"40":0,"41":0,"42":0,"43":0,"44":0,"45":0,"46":0,"47":0,"48":0,"49":0,"50":0,"51":0,"52":0,"53":0,"54":0,"55":0,"56":0,"57":0,"58":0,"59":0,"60":0,"61":0,"62":0,"63":0,"64":0,"65":0,"66":0,"67":0,"68":0,"69":0,"70":0,"71":0,"72":0,"73":0,"74":0,"75":0,"76":0,"77":0,"78":0,"79":0,"80":0,"81":0,"82":0,"83":0,"84":0,"85":0,"86":0,"87":0,"88":0,"89":0,"90":0,"91":0,"92":0,"93":0},"f":{"0":0,"1":0,"2":0,"3":0,"4":0,"5":0,"6":0,"7":0,"8":0,"9":0,"10":0,"11":0,"12":0,"13":0},"b":{"0":[0],"1":[0],"2":[0,0],"3":[0],"4":[0],"5":[0],"6":[0],"7":[0,0]}}
,"/home/yuki/.local/src/github.com/acomagu/mcp-server-vscode/packages/relay/src/test-client.ts": {"path":"/home/yuki/.local/src/github.com/acomagu/mcp-server-vscode/packages/relay/src/test-client.ts","statementMap":{"0":{"start":{"line":3,"column":0},"end":{"line":3,"column":29}},"1":{"start":{"line":18,"column":20},"end":{"line":55,"column":1}},"2":{"start":{"line":19,"column":2},"end":{"line":54,"column":5}},"3":{"start":{"line":20,"column":17},"end":{"line":20,"column":40}},"4":{"start":{"line":22,"column":20},"end":{"line":31,"column":6}},"5":{"start":{"line":33,"column":16},"end":{"line":46,"column":6}},"6":{"start":{"line":34,"column":25},"end":{"line":34,"column":27}},"7":{"start":{"line":36,"column":6},"end":{"line":38,"column":9}},"8":{"start":{"line":37,"column":8},"end":{"line":37,"column":41}},"9":{"start":{"line":40,"column":6},"end":{"line":45,"column":9}},"10":{"start":{"line":41,"column":8},"end":{"line":44,"column":11}},"11":{"start":{"line":48,"column":4},"end":{"line":50,"column":7}},"12":{"start":{"line":49,"column":6},"end":{"line":49,"column":18}},"13":{"start":{"line":52,"column":4},"end":{"line":52,"column":20}},"14":{"start":{"line":53,"column":4},"end":{"line":53,"column":14}},"15":{"start":{"line":58,"column":18},"end":{"line":75,"column":1}},"16":{"start":{"line":59,"column":15},"end":{"line":59,"column":36}},"17":{"start":{"line":60,"column":18},"end":{"line":60,"column":22}},"18":{"start":{"line":61,"column":55},"end":{"line":61,"column":63}},"19":{"start":{"line":63,"column":2},"end":{"line":72,"column":3}},"20":{"start":{"line":63,"column":15},"end":{"line":63,"column":16}},"21":{"start":{"line":64,"column":4},"end":{"line":71,"column":5}},"22":{"start":{"line":65,"column":6},"end":{"line":65,"column":44}},"23":{"start":{"line":66,"column":6},"end":{"line":66,"column":10}},"24":{"start":{"line":67,"column":11},"end":{"line":71,"column":5}},"25":{"start":{"line":68,"column":6},"end":{"line":68,"column":26}},"26":{"start":{"line":69,"column":11},"end":{"line":71,"column":5}},"27":{"start":{"line":70,"column":6},"end":{"line":70,"column":30}},"28":{"start":{"line":74,"column":2},"end":{"line":74,"column":31}},"29":{"start":{"line":78,"column":13},"end":{"line":135,"column":1}},"30":{"start":{"line":79,"column":32},"end":{"line":79,"column":43}},"31":{"start":{"line":81,"column":2},"end":{"line":134,"column":3}},"32":{"start":{"line":82,"column":4},"end":{"line":130,"column":5}},"33":{"start":{"line":85,"column":8},"end":{"line":85,"column":78}},"34":{"start":{"line":87,"column":32},"end":{"line":94,"column":10}},"35":{"start":{"line":96,"column":8},"end":{"line":96,"column":50}},"36":{"start":{"line":97,"column":8},"end":{"line":97,"column":14}},"37":{"start":{"line":101,"column":8},"end":{"line":101,"column":82}},"38":{"start":{"line":103,"column":36},"end":{"line":110,"column":10}},"39":{"start":{"line":112,"column":8},"end":{"line":112,"column":54}},"40":{"start":{"line":113,"column":8},"end":{"line":113,"column":14}},"41":{"start":{"line":117,"column":8},"end":{"line":117,"column":76}},"42":{"start":{"line":119,"column":31},"end":{"line":126,"column":10}},"43":{"start":{"line":128,"column":8},"end":{"line":128,"column":49}},"44":{"start":{"line":129,"column":8},"end":{"line":129,"column":14}},"45":{"start":{"line":132,"column":4},"end":{"line":132,"column":54}},"46":{"start":{"line":133,"column":4},"end":{"line":133,"column":20}},"47":{"start":{"line":137,"column":0},"end":{"line":137,"column":7}}},"fnMap":{"0":{"name":"(anonymous_9)","decl":{"start":{"line":18,"column":20},"end":{"line":18,"column":21}},"loc":{"start":{"line":18,"column":74},"end":{"line":55,"column":1}}},"1":{"name":"(anonymous_10)","decl":{"start":{"line":19,"column":21},"end":{"line":19,"column":22}},"loc":{"start":{"line":19,"column":41},"end":{"line":54,"column":3}}},"2":{"name":"(anonymous_11)","decl":{"start":{"line":33,"column":38},"end":{"line":33,"column":39}},"loc":{"start":{"line":33,"column":46},"end":{"line":46,"column":5}}},"3":{"name":"(anonymous_12)","decl":{"start":{"line":36,"column":21},"end":{"line":36,"column":22}},"loc":{"start":{"line":36,"column":31},"end":{"line":38,"column":7}}},"4":{"name":"(anonymous_13)","decl":{"start":{"line":40,"column":20},"end":{"line":40,"column":23}},"loc":{"start":{"line":40,"column":25},"end":{"line":45,"column":7}}},"5":{"name":"(anonymous_14)","decl":{"start":{"line":48,"column":20},"end":{"line":48,"column":21}},"loc":{"start":{"line":48,"column":28},"end":{"line":50,"column":5}}},"6":{"name":"(anonymous_15)","decl":{"start":{"line":58,"column":18},"end":{"line":58,"column":27}},"loc":{"start":{"line":58,"column":29},"end":{"line":75,"column":1}}},"7":{"name":"(anonymous_16)","decl":{"start":{"line":78,"column":13},"end":{"line":78,"column":18}},"loc":{"start":{"line":78,"column":39},"end":{"line":135,"column":1}}}},"branchMap":{"0":{"loc":{"start":{"line":42,"column":22},"end":{"line":42,"column":43}},"type":"binary-expr","locations":[{"start":{"line":42,"column":22},"end":{"line":42,"column":36}},{"start":{"line":42,"column":40},"end":{"line":42,"column":43}}]},"1":{"loc":{"start":{"line":64,"column":4},"end":{"line":71,"column":5}},"type":"if","locations":[{"start":{"line":64,"column":4},"end":{"line":71,"column":5}},{"start":{"line":67,"column":11},"end":{"line":71,"column":5}}]},"2":{"loc":{"start":{"line":64,"column":8},"end":{"line":64,"column":51}},"type":"binary-expr","locations":[{"start":{"line":64,"column":8},"end":{"line":64,"column":28}},{"start":{"line":64,"column":32},"end":{"line":64,"column":51}}]},"3":{"loc":{"start":{"line":67,"column":11},"end":{"line":71,"column":5}},"type":"if","locations":[{"start":{"line":67,"column":11},"end":{"line":71,"column":5}},{"start":{"line":69,"column":11},"end":{"line":71,"column":5}}]},"4":{"loc":{"start":{"line":69,"column":11},"end":{"line":71,"column":5}},"type":"if","locations":[{"start":{"line":69,"column":11},"end":{"line":71,"column":5}}]},"5":{"loc":{"start":{"line":82,"column":4},"end":{"line":130,"column":5}},"type":"switch","locations":[{"start":{"line":83,"column":6},"end":{"line":97,"column":14}},{"start":{"line":99,"column":6},"end":{"line":113,"column":14}},{"start":{"line":115,"column":6},"end":{"line":129,"column":14}}]}},"s":{"0":0,"1":0,"2":0,"3":0,"4":0,"5":0,"6":0,"7":0,"8":0,"9":0,"10":0,"11":0,"12":0,"13":0,"14":0,"15":0,"16":0,"17":0,"18":0,"19":0,"20":0,"21":0,"22":0,"23":0,"24":0,"25":0,"26":0,"27":0,"28":0,"29":0,"30":0,"31":0,"32":0,"33":0,"34":0,"35":0,"36":0,"37":0,"38":0,"39":0,"40":0,"41":0,"42":0,"43":0,"44":0,"45":0,"46":0,"47":0},"f":{"0":0,"1":0,"2":0,"3":0,"4":0,"5":0,"6":0,"7":0},"b":{"0":[0,0],"1":[0,0],"2":[0,0],"3":[0,0],"4":[0],"5":[0,0,0]}}
,"/home/yuki/.local/src/github.com/acomagu/mcp-server-vscode/packages/relay/src/test-server.ts": {"path":"/home/yuki/.local/src/github.com/acomagu/mcp-server-vscode/packages/relay/src/test-server.ts","statementMap":{"0":{"start":{"line":3,"column":0},"end":{"line":3,"column":29}},"1":{"start":{"line":13,"column":25},"end":{"line":51,"column":1}},"2":{"start":{"line":14,"column":17},"end":{"line":44,"column":4}},"3":{"start":{"line":15,"column":15},"end":{"line":15,"column":17}},"4":{"start":{"line":17,"column":4},"end":{"line":19,"column":7}},"5":{"start":{"line":18,"column":6},"end":{"line":18,"column":31}},"6":{"start":{"line":21,"column":4},"end":{"line":43,"column":7}},"7":{"start":{"line":22,"column":6},"end":{"line":22,"column":74}},"8":{"start":{"line":24,"column":6},"end":{"line":28,"column":7}},"9":{"start":{"line":25,"column":8},"end":{"line":25,"column":61}},"10":{"start":{"line":26,"column":8},"end":{"line":26,"column":24}},"11":{"start":{"line":27,"column":8},"end":{"line":27,"column":15}},"12":{"start":{"line":30,"column":6},"end":{"line":35,"column":7}},"13":{"start":{"line":31,"column":8},"end":{"line":31,"column":67}},"14":{"start":{"line":32,"column":8},"end":{"line":32,"column":67}},"15":{"start":{"line":33,"column":8},"end":{"line":33,"column":58}},"16":{"start":{"line":34,"column":8},"end":{"line":34,"column":15}},"17":{"start":{"line":37,"column":6},"end":{"line":39,"column":7}},"18":{"start":{"line":38,"column":8},"end":{"line":38,"column":63}},"19":{"start":{"line":41,"column":6},"end":{"line":41,"column":65}},"20":{"start":{"line":42,"column":6},"end":{"line":42,"column":48}},"21":{"start":{"line":46,"column":2},"end":{"line":48,"column":5}},"22":{"start":{"line":47,"column":4},"end":{"line":47,"column":69}},"23":{"start":{"line":50,"column":2},"end":{"line":50,"column":16}},"24":{"start":{"line":54,"column":16},"end":{"line":58,"column":2}},"25":{"start":{"line":61,"column":0},"end":{"line":65,"column":3}},"26":{"start":{"line":62,"column":2},"end":{"line":62,"column":47}},"27":{"start":{"line":63,"column":2},"end":{"line":63,"column":44}},"28":{"start":{"line":63,"column":28},"end":{"line":63,"column":42}},"29":{"start":{"line":64,"column":2},"end":{"line":64,"column":17}},"30":{"start":{"line":67,"column":0},"end":{"line":67,"column":59}}},"fnMap":{"0":{"name":"(anonymous_9)","decl":{"start":{"line":13,"column":25},"end":{"line":13,"column":26}},"loc":{"start":{"line":13,"column":75},"end":{"line":51,"column":1}}},"1":{"name":"(anonymous_10)","decl":{"start":{"line":14,"column":35},"end":{"line":14,"column":36}},"loc":{"start":{"line":14,"column":48},"end":{"line":44,"column":3}}},"2":{"name":"(anonymous_11)","decl":{"start":{"line":17,"column":19},"end":{"line":17,"column":24}},"loc":{"start":{"line":17,"column":27},"end":{"line":19,"column":5}}},"3":{"name":"(anonymous_12)","decl":{"start":{"line":21,"column":18},"end":{"line":21,"column":21}},"loc":{"start":{"line":21,"column":23},"end":{"line":43,"column":5}}},"4":{"name":"(anonymous_13)","decl":{"start":{"line":46,"column":22},"end":{"line":46,"column":25}},"loc":{"start":{"line":46,"column":27},"end":{"line":48,"column":3}}},"5":{"name":"(anonymous_14)","decl":{"start":{"line":61,"column":21},"end":{"line":61,"column":24}},"loc":{"start":{"line":61,"column":26},"end":{"line":65,"column":1}}},"6":{"name":"(anonymous_15)","decl":{"start":{"line":63,"column":18},"end":{"line":63,"column":24}},"loc":{"start":{"line":63,"column":28},"end":{"line":63,"column":42}}}},"branchMap":{"0":{"loc":{"start":{"line":24,"column":6},"end":{"line":28,"column":7}},"type":"if","locations":[{"start":{"line":24,"column":6},"end":{"line":28,"column":7}}]},"1":{"loc":{"start":{"line":30,"column":6},"end":{"line":35,"column":7}},"type":"if","locations":[{"start":{"line":30,"column":6},"end":{"line":35,"column":7}}]},"2":{"loc":{"start":{"line":37,"column":6},"end":{"line":39,"column":7}},"type":"if","locations":[{"start":{"line":37,"column":6},"end":{"line":39,"column":7}}]}},"s":{"0":0,"1":0,"2":0,"3":0,"4":0,"5":0,"6":0,"7":0,"8":0,"9":0,"10":0,"11":0,"12":0,"13":0,"14":0,"15":0,"16":0,"17":0,"18":0,"19":0,"20":0,"21":0,"22":0,"23":0,"24":0,"25":0,"26":0,"27":0,"28":0,"29":0,"30":0},"f":{"0":0,"1":0,"2":0,"3":0,"4":0,"5":0,"6":0},"b":{"0":[0],"1":[0],"2":[0]}}
}
